<?xml version="1.0" encoding="utf-8"?><testsuite errors="0" failures="0" name="pytest" skips="0" tests="112" time="523.207"><testcase classname="testanalyzerwebjobs" file="testanalyzerwebjobs.py" line="15" name="test_determinate_Linkedin" time="14.4346978664"></testcase><testcase classname="testanalyzerwebjobs" file="testanalyzerwebjobs.py" line="36" name="test_determinate_recruitireland" time="10.2825479507"><system-err>analyzerwebjobs.py         169 WARNING  Error secuences: 
analyzerwebjobs.py         170 WARNING  [{u&apos;tipo&apos;: u&apos;class&apos;, u&apos;elemento&apos;: u&apos;company&apos;}]
analyzerwebjobs.py         171 WARNING  Error find information: ()
</system-err></testcase><testcase classname="testanalyzerwebjobs" file="testanalyzerwebjobs.py" line="58" name="test_determinate_irishjobs" time="11.3449800014"><system-err>analyzerwebjobs.py         169 WARNING  Error secuences: 
analyzerwebjobs.py         170 WARNING  [{&apos;tipo&apos;: &apos;class&apos;, &apos;elemento&apos;: &apos;xx&apos;}]
analyzerwebjobs.py         171 WARNING  Error find information: ()
</system-err></testcase><testcase classname="testanalyzerwebjobs" file="testanalyzerwebjobs.py" line="79" name="test_determinate_jobs_ie" time="11.6920952797"></testcase><testcase classname="testanalyzerwebjobs" file="testanalyzerwebjobs.py" line="101" name="test_determinate_jobs_monster" time="11.944672823"><system-err>analyzerwebjobs.py         169 WARNING  Error secuences: 
analyzerwebjobs.py         170 WARNING  [{&apos;tipo&apos;: &apos;class&apos;, &apos;elemento&apos;: &apos;xx&apos;}]
analyzerwebjobs.py         171 WARNING  Error find information: ()
analyzerwebjobs.py         169 WARNING  Error secuences: 
analyzerwebjobs.py         170 WARNING  [{&apos;tipo&apos;: &apos;class&apos;, &apos;elemento&apos;: &apos;xx&apos;}]
analyzerwebjobs.py         171 WARNING  Error find information: ()
</system-err></testcase><testcase classname="testanalyzerwebjobs" file="testanalyzerwebjobs.py" line="121" name="test_determinate_LinkedinErrorMyPage" time="10.6490592957"><system-err>analyzerwebjobs.py         169 WARNING  Error secuences: 
analyzerwebjobs.py         170 WARNING  [{u&apos;tipo&apos;: u&apos;class&apos;, u&apos;elemento&apos;: u&apos;title&apos;}]
analyzerwebjobs.py         171 WARNING  Error find information: ()
analyzerwebjobs.py         169 WARNING  Error secuences: 
analyzerwebjobs.py         170 WARNING  [{u&apos;tipo&apos;: u&apos;class&apos;, u&apos;elemento&apos;: u&apos;location&apos;}]
analyzerwebjobs.py         171 WARNING  Error find information: ()
analyzerwebjobs.py         169 WARNING  Error secuences: 
analyzerwebjobs.py         170 WARNING  [{u&apos;tipo&apos;: u&apos;class&apos;, u&apos;elemento&apos;: u&apos;summary&apos;}]
analyzerwebjobs.py         171 WARNING  Error find information: ()
analyzerwebjobs.py         169 WARNING  Error secuences: 
analyzerwebjobs.py         170 WARNING  [{u&apos;tipo&apos;: u&apos;class&apos;, u&apos;elemento&apos;: u&apos;posted&apos;}]
analyzerwebjobs.py         171 WARNING  Error find information: ()
analyzerwebjobs.py         169 WARNING  Error secuences: 
analyzerwebjobs.py         170 WARNING  [{u&apos;tipo&apos;: u&apos;class&apos;, u&apos;elemento&apos;: u&apos;company&apos;}]
analyzerwebjobs.py         171 WARNING  Error find information: ()
</system-err></testcase><testcase classname="testanalyzerwebjobs" file="testanalyzerwebjobs.py" line="140" name="test_determinate_recruitireland_error_no_exits" time="12.32644701"><system-err>analyzerwebjobs.py         169 WARNING  Error secuences: 
analyzerwebjobs.py         170 WARNING  [{u&apos;tipo&apos;: u&apos;class&apos;, u&apos;elemento&apos;: u&apos;job-info&apos;}]
analyzerwebjobs.py         171 WARNING  Error find information: ()
analyzerwebjobs.py         169 WARNING  Error secuences: 
analyzerwebjobs.py         170 WARNING  [{u&apos;tipo&apos;: u&apos;class&apos;, u&apos;elemento&apos;: u&apos;generic-text&apos;}]
analyzerwebjobs.py         171 WARNING  Error find information: ()
analyzerwebjobs.py         169 WARNING  Error secuences: 
analyzerwebjobs.py         170 WARNING  [{u&apos;tipo&apos;: u&apos;class&apos;, u&apos;elemento&apos;: u&apos;job-info&apos;}]
analyzerwebjobs.py         171 WARNING  Error find information: ()
analyzerwebjobs.py         169 WARNING  Error secuences: 
analyzerwebjobs.py         170 WARNING  [{u&apos;tipo&apos;: u&apos;class&apos;, u&apos;elemento&apos;: u&apos;company&apos;}]
analyzerwebjobs.py         171 WARNING  Error find information: ()
analyzerwebjobs.py         169 WARNING  Error secuences: 
analyzerwebjobs.py         170 WARNING  [{u&apos;tipo&apos;: u&apos;class&apos;, u&apos;elemento&apos;: u&apos;job-owner-description&apos;}, {u&apos;tipo&apos;: u&apos;tag&apos;, u&apos;elemento&apos;: u&apos;a&apos;}]
analyzerwebjobs.py         171 WARNING  Error find information: ()
analyzerwebjobs.py         169 WARNING  Error secuences: 
analyzerwebjobs.py         170 WARNING  [{u&apos;tipo&apos;: u&apos;class&apos;, u&apos;elemento&apos;: u&apos;job-info&apos;}]
analyzerwebjobs.py         171 WARNING  Error find information: ()
analyzerwebjobs.py         169 WARNING  Error secuences: 
analyzerwebjobs.py         170 WARNING  [{u&apos;tipo&apos;: u&apos;class&apos;, u&apos;elemento&apos;: u&apos;job-info&apos;}]
analyzerwebjobs.py         171 WARNING  Error find information: ()
</system-err></testcase><testcase classname="testanalyzerwebjobs" file="testanalyzerwebjobs.py" line="160" name="test_determinate_recruitireland_error_retired" time="11.6524808407"><system-err>analyzerwebjobs.py         169 WARNING  Error secuences: 
analyzerwebjobs.py         170 WARNING  [{u&apos;tipo&apos;: u&apos;class&apos;, u&apos;elemento&apos;: u&apos;job-info&apos;}]
analyzerwebjobs.py         171 WARNING  Error find information: ()
analyzerwebjobs.py         169 WARNING  Error secuences: 
analyzerwebjobs.py         170 WARNING  [{u&apos;tipo&apos;: u&apos;class&apos;, u&apos;elemento&apos;: u&apos;generic-text&apos;}]
analyzerwebjobs.py         171 WARNING  Error find information: ()
analyzerwebjobs.py         169 WARNING  Error secuences: 
analyzerwebjobs.py         170 WARNING  [{u&apos;tipo&apos;: u&apos;class&apos;, u&apos;elemento&apos;: u&apos;job-info&apos;}]
analyzerwebjobs.py         171 WARNING  Error find information: ()
analyzerwebjobs.py         169 WARNING  Error secuences: 
analyzerwebjobs.py         170 WARNING  [{u&apos;tipo&apos;: u&apos;class&apos;, u&apos;elemento&apos;: u&apos;company&apos;}]
analyzerwebjobs.py         171 WARNING  Error find information: ()
analyzerwebjobs.py         169 WARNING  Error secuences: 
analyzerwebjobs.py         170 WARNING  [{u&apos;tipo&apos;: u&apos;class&apos;, u&apos;elemento&apos;: u&apos;job-owner-description&apos;}, {u&apos;tipo&apos;: u&apos;tag&apos;, u&apos;elemento&apos;: u&apos;a&apos;}]
analyzerwebjobs.py         171 WARNING  Error find information: ()
analyzerwebjobs.py         169 WARNING  Error secuences: 
analyzerwebjobs.py         170 WARNING  [{u&apos;tipo&apos;: u&apos;class&apos;, u&apos;elemento&apos;: u&apos;job-info&apos;}]
analyzerwebjobs.py         171 WARNING  Error find information: ()
analyzerwebjobs.py         169 WARNING  Error secuences: 
analyzerwebjobs.py         170 WARNING  [{u&apos;tipo&apos;: u&apos;class&apos;, u&apos;elemento&apos;: u&apos;job-info&apos;}]
analyzerwebjobs.py         171 WARNING  Error find information: ()
</system-err></testcase><testcase classname="testanalyzerwebjobs" file="testanalyzerwebjobs.py" line="180" name="test_determinate_irishjobs_error_retired" time="14.4853570461"><system-err>analyzerwebjobs.py         169 WARNING  Error secuences: 
analyzerwebjobs.py         170 WARNING  [{&apos;tipo&apos;: &apos;class&apos;, &apos;elemento&apos;: &apos;xx&apos;}]
analyzerwebjobs.py         171 WARNING  Error find information: ()
</system-err></testcase><testcase classname="testanalyzerwebjobs" file="testanalyzerwebjobs.py" line="202" name="test_determinate_irishjobs_error_error" time="11.4390740395"><system-err>analyzerwebjobs.py         169 WARNING  Error secuences: 
analyzerwebjobs.py         170 WARNING  [{u&apos;tipo&apos;: u&apos;class&apos;, u&apos;elemento&apos;: u&apos;job-description&apos;}, {u&apos;tipo&apos;: u&apos;tag&apos;, u&apos;elemento&apos;: u&apos;h1&apos;}]
analyzerwebjobs.py         171 WARNING  Error find information: ()
analyzerwebjobs.py         169 WARNING  Error secuences: 
analyzerwebjobs.py         170 WARNING  [{u&apos;tipo&apos;: u&apos;class&apos;, u&apos;elemento&apos;: u&apos;location&apos;}]
analyzerwebjobs.py         171 WARNING  Error find information: ()
analyzerwebjobs.py         169 WARNING  Error secuences: 
analyzerwebjobs.py         170 WARNING  [{u&apos;tipo&apos;: u&apos;class&apos;, u&apos;elemento&apos;: u&apos;job-details&apos;}]
analyzerwebjobs.py         171 WARNING  Error find information: ()
analyzerwebjobs.py         169 WARNING  Error secuences: 
analyzerwebjobs.py         170 WARNING  [{u&apos;tipo&apos;: u&apos;class&apos;, u&apos;elemento&apos;: u&apos;updated-time&apos;}]
analyzerwebjobs.py         171 WARNING  Error find information: ()
analyzerwebjobs.py         169 WARNING  Error secuences: 
analyzerwebjobs.py         170 WARNING  [{u&apos;tipo&apos;: u&apos;class&apos;, u&apos;elemento&apos;: u&apos;job-description&apos;}, {u&apos;tipo&apos;: u&apos;tag&apos;, u&apos;elemento&apos;: u&apos;h2&apos;}]
analyzerwebjobs.py         171 WARNING  Error find information: ()
analyzerwebjobs.py         169 WARNING  Error secuences: 
analyzerwebjobs.py         170 WARNING  [{&apos;tipo&apos;: &apos;class&apos;, &apos;elemento&apos;: &apos;xx&apos;}]
analyzerwebjobs.py         171 WARNING  Error find information: ()
analyzerwebjobs.py         169 WARNING  Error secuences: 
analyzerwebjobs.py         170 WARNING  [{u&apos;tipo&apos;: u&apos;class&apos;, u&apos;elemento&apos;: u&apos;salary&apos;}]
analyzerwebjobs.py         171 WARNING  Error find information: ()
analyzerwebjobs.py         169 WARNING  Error secuences: 
analyzerwebjobs.py         170 WARNING  [{u&apos;tipo&apos;: u&apos;class&apos;, u&apos;elemento&apos;: u&apos;employment-type&apos;}]
analyzerwebjobs.py         171 WARNING  Error find information: ()
</system-err></testcase><testcase classname="testanalyzerwebjobs" file="testanalyzerwebjobs.py" line="221" name="test_determinate_jobsie_error_retired" time="11.7256588936"><system-err>analyzerwebjobs.py         169 WARNING  Error secuences: 
analyzerwebjobs.py         170 WARNING  [{u&apos;tipo&apos;: u&apos;class&apos;, u&apos;elemento&apos;: u&apos;padding&apos;}, {u&apos;tipo&apos;: u&apos;tag&apos;, u&apos;elemento&apos;: u&apos;h1&apos;}]
analyzerwebjobs.py         171 WARNING  Error find information: ()
analyzerwebjobs.py         169 WARNING  Error secuences: 
analyzerwebjobs.py         170 WARNING  [{u&apos;tipo&apos;: u&apos;class&apos;, u&apos;elemento&apos;: u&apos;c1&apos;}]
analyzerwebjobs.py         171 WARNING  Error find information: ()
analyzerwebjobs.py         169 WARNING  Error secuences: 
analyzerwebjobs.py         170 WARNING  [{u&apos;tipo&apos;: u&apos;class&apos;, u&apos;elemento&apos;: u&apos;job-description&apos;}]
analyzerwebjobs.py         171 WARNING  Error find information: ()
analyzerwebjobs.py         169 WARNING  Error secuences: 
analyzerwebjobs.py         170 WARNING  [{u&apos;tipo&apos;: u&apos;class&apos;, u&apos;elemento&apos;: u&apos;c2&apos;}]
analyzerwebjobs.py         171 WARNING  Error find information: ()
analyzerwebjobs.py         169 WARNING  Error secuences: 
analyzerwebjobs.py         170 WARNING  [{u&apos;tipo&apos;: u&apos;class&apos;, u&apos;elemento&apos;: u&apos;sidebar&apos;}, {u&apos;tipo&apos;: u&apos;class&apos;, u&apos;elemento&apos;: u&apos;acc-panel&apos;}]
analyzerwebjobs.py         171 WARNING  Error find information: ()
analyzerwebjobs.py         169 WARNING  Error secuences: 
analyzerwebjobs.py         170 WARNING  [{u&apos;tipo&apos;: u&apos;class&apos;, u&apos;elemento&apos;: u&apos;c1&apos;}]
analyzerwebjobs.py         171 WARNING  Error find information: ()
analyzerwebjobs.py         169 WARNING  Error secuences: 
analyzerwebjobs.py         170 WARNING  [{u&apos;tipo&apos;: u&apos;class&apos;, u&apos;elemento&apos;: u&apos;c2&apos;}]
analyzerwebjobs.py         171 WARNING  Error find information: ()
</system-err></testcase><testcase classname="testanalyzerwebjobs" file="testanalyzerwebjobs.py" line="241" name="test_determinate_jobsie_error_noexist" time="10.3397538662"><system-err>analyzerwebjobs.py         169 WARNING  Error secuences: 
analyzerwebjobs.py         170 WARNING  [{u&apos;tipo&apos;: u&apos;class&apos;, u&apos;elemento&apos;: u&apos;padding&apos;}, {u&apos;tipo&apos;: u&apos;tag&apos;, u&apos;elemento&apos;: u&apos;h1&apos;}]
analyzerwebjobs.py         171 WARNING  Error find information: ()
analyzerwebjobs.py         169 WARNING  Error secuences: 
analyzerwebjobs.py         170 WARNING  [{u&apos;tipo&apos;: u&apos;class&apos;, u&apos;elemento&apos;: u&apos;c1&apos;}]
analyzerwebjobs.py         171 WARNING  Error find information: ()
analyzerwebjobs.py         169 WARNING  Error secuences: 
analyzerwebjobs.py         170 WARNING  [{u&apos;tipo&apos;: u&apos;class&apos;, u&apos;elemento&apos;: u&apos;job-description&apos;}]
analyzerwebjobs.py         171 WARNING  Error find information: ()
analyzerwebjobs.py         169 WARNING  Error secuences: 
analyzerwebjobs.py         170 WARNING  [{u&apos;tipo&apos;: u&apos;class&apos;, u&apos;elemento&apos;: u&apos;c2&apos;}]
analyzerwebjobs.py         171 WARNING  Error find information: ()
analyzerwebjobs.py         169 WARNING  Error secuences: 
analyzerwebjobs.py         170 WARNING  [{u&apos;tipo&apos;: u&apos;class&apos;, u&apos;elemento&apos;: u&apos;sidebar&apos;}, {u&apos;tipo&apos;: u&apos;class&apos;, u&apos;elemento&apos;: u&apos;acc-panel&apos;}]
analyzerwebjobs.py         171 WARNING  Error find information: ()
analyzerwebjobs.py         169 WARNING  Error secuences: 
analyzerwebjobs.py         170 WARNING  [{u&apos;tipo&apos;: u&apos;class&apos;, u&apos;elemento&apos;: u&apos;c1&apos;}]
analyzerwebjobs.py         171 WARNING  Error find information: ()
analyzerwebjobs.py         169 WARNING  Error secuences: 
analyzerwebjobs.py         170 WARNING  [{u&apos;tipo&apos;: u&apos;class&apos;, u&apos;elemento&apos;: u&apos;c2&apos;}]
analyzerwebjobs.py         171 WARNING  Error find information: ()
</system-err></testcase><testcase classname="testanalyzerwebjobs" file="testanalyzerwebjobs.py" line="261" name="test_determinate_monster_error_retired" time="10.7770967484"><system-err>analyzerwebjobs.py         169 WARNING  Error secuences: 
analyzerwebjobs.py         170 WARNING  [{u&apos;tipo&apos;: u&apos;class&apos;, u&apos;elemento&apos;: u&apos;subtitle&apos;}]
analyzerwebjobs.py         171 WARNING  Error find information: ()
analyzerwebjobs.py         169 WARNING  Error secuences: 
analyzerwebjobs.py         170 WARNING  [{u&apos;tipo&apos;: u&apos;class&apos;, u&apos;elemento&apos;: u&apos;details-content&apos;}]
analyzerwebjobs.py         171 WARNING  Error find information: ()
analyzerwebjobs.py         169 WARNING  Error secuences: 
analyzerwebjobs.py         170 WARNING  [{u&apos;tipo&apos;: u&apos;class&apos;, u&apos;elemento&apos;: u&apos;mux-job-summary&apos;}]
analyzerwebjobs.py         171 WARNING  Error find information: ()
analyzerwebjobs.py         169 WARNING  Error secuences: 
analyzerwebjobs.py         170 WARNING  [{&apos;tipo&apos;: &apos;class&apos;, &apos;elemento&apos;: &apos;xx&apos;}]
analyzerwebjobs.py         171 WARNING  Error find information: ()
analyzerwebjobs.py         169 WARNING  Error secuences: 
analyzerwebjobs.py         170 WARNING  [{&apos;tipo&apos;: &apos;class&apos;, &apos;elemento&apos;: &apos;xx&apos;}]
analyzerwebjobs.py         171 WARNING  Error find information: ()
</system-err></testcase><testcase classname="testanalyzerwebjobs" file="testanalyzerwebjobs.py" line="281" name="test_determinate_monster_error_noexist" time="12.1214318275"><system-err>analyzerwebjobs.py         169 WARNING  Error secuences: 
analyzerwebjobs.py         170 WARNING  [{u&apos;tipo&apos;: u&apos;class&apos;, u&apos;elemento&apos;: u&apos;subtitle&apos;}]
analyzerwebjobs.py         171 WARNING  Error find information: ()
analyzerwebjobs.py         169 WARNING  Error secuences: 
analyzerwebjobs.py         170 WARNING  [{u&apos;tipo&apos;: u&apos;class&apos;, u&apos;elemento&apos;: u&apos;details-content&apos;}]
analyzerwebjobs.py         171 WARNING  Error find information: ()
analyzerwebjobs.py         169 WARNING  Error secuences: 
analyzerwebjobs.py         170 WARNING  [{u&apos;tipo&apos;: u&apos;class&apos;, u&apos;elemento&apos;: u&apos;mux-job-summary&apos;}]
analyzerwebjobs.py         171 WARNING  Error find information: ()
analyzerwebjobs.py         169 WARNING  Error secuences: 
analyzerwebjobs.py         170 WARNING  [{&apos;tipo&apos;: &apos;class&apos;, &apos;elemento&apos;: &apos;xx&apos;}]
analyzerwebjobs.py         171 WARNING  Error find information: ()
analyzerwebjobs.py         169 WARNING  Error secuences: 
analyzerwebjobs.py         170 WARNING  [{&apos;tipo&apos;: &apos;class&apos;, &apos;elemento&apos;: &apos;xx&apos;}]
analyzerwebjobs.py         171 WARNING  Error find information: ()
</system-err></testcase><testcase classname="testanalyzerwebjobs" file="testanalyzerwebjobs.py" line="301" name="test_determinate_webPageOther" time="3.98021769524"></testcase><testcase classname="testanalyzerwebjobs" file="testanalyzerwebjobs.py" line="313" name="test_determinate_webPageError" time="3.52134990692"></testcase><testcase classname="testlogger" file="testlogger.py" line="12" name="test_logger_test" time="0.050656080246"><system-err>testlogger.py               21 ERROR    Error
</system-err></testcase><testcase classname="testmailaccess" file="testmailaccess.py" line="10" name="test_mailAcessOk" time="0.915266990662"></testcase><testcase classname="testmailaccess" file="testmailaccess.py" line="14" name="test_mailAcessOkMulti" time="0.992444038391"></testcase><testcase classname="testmailaccess" file="testmailaccess.py" line="26" name="test_mailDoubleLogut" time="0.55860877037"><system-err>mailaccess.py               46 ERROR    Logout email
</system-err></testcase><testcase classname="testmailaccess" file="testmailaccess.py" line="36" name="test_mailAcessError" time="1.92917990685"><system-err>mailaccess.py               36 ERROR    error loggin eMail
</system-err></testcase><testcase classname="testmailaccess" file="testmailaccess.py" line="42" name="test_listMailOk" time="4.75080275536"></testcase><testcase classname="testmailaccess" file="testmailaccess.py" line="48" name="test_listMailError" time="1.95463442802"><system-err>mailaccess.py               36 ERROR    error loggin eMail
mailaccess.py               74 ERROR    Error Access to mails: (&apos;command LIST illegal in state NONAUTH, only allowed in states AUTH, SELECTED&apos;,)
</system-err></testcase><testcase classname="testmailaccess" file="testmailaccess.py" line="54" name="test_listMailErrorInbox" time="0.574769973755"></testcase><testcase classname="testmongodbaccess" file="testmongodbaccess.py" line="10" name="test_mongodbAcessOk" time="1.9958281517"></testcase><testcase classname="testmongodbaccess" file="testmongodbaccess.py" line="15" name="test_mongodbAcessError" time="1.54712104797"><system-err>mongodbaccess.py            42 ERROR    Authentication failure
</system-err></testcase><testcase classname="testmongodbaccess" file="testmongodbaccess.py" line="20" name="test_mongoDBAccess_find_oneOK" time="2.64405083656"></testcase><testcase classname="testmongodbaccess" file="testmongodbaccess.py" line="28" name="test_mongoDBAccess_find_oneErrorDB" time="2.12241888046"><system-err>mongodbaccess.py            42 ERROR    Authentication failure
mongodbaccess.py            95 ERROR    Database Not INIT Find
mongodbaccess.py            42 ERROR    Authentication failure
mongodbaccess.py            51 ERROR    Database Not INIT Find_one
mongodbaccess.py            42 ERROR    Authentication failure
mongodbaccess.py           122 ERROR    Database Not INIT Find
</system-err></testcase><testcase classname="testmongodbaccess" file="testmongodbaccess.py" line="36" name="test_mongoDBAccess_find_oneErrorCollection" time="2.52285075188"></testcase><testcase classname="testmongodbaccess" file="testmongodbaccess.py" line="44" name="test_mongoDBAccess_find_oneErrorFilter" time="2.52123093605"></testcase><testcase classname="testmongodbaccess" file="testmongodbaccess.py" line="52" name="test_mongoDBAccess_findOK" time="2.87239098549"><system-out>XXXXX
XXXXX
</system-out></testcase><testcase classname="testmongodbaccess" file="testmongodbaccess.py" line="66" name="test_mongoDBAccess_findErrorDB" time="1.52589201927"><system-err>mongodbaccess.py            42 ERROR    Authentication failure
mongodbaccess.py            64 ERROR    Database Not INIT Find
</system-err></testcase><testcase classname="testmongodbaccess" file="testmongodbaccess.py" line="72" name="test_mongoDBAccess_findErrorCollection" time="2.10335183144"></testcase><testcase classname="testmongodbaccess" file="testmongodbaccess.py" line="80" name="test_mongoDBAccess_findErrorFilter" time="2.57584381104"></testcase><testcase classname="testmongodbaccess" file="testmongodbaccess.py" line="92" name="test_mongoDBAccess_update_oneOK" time="3.08458304405"></testcase><testcase classname="testmongodbaccess" file="testmongodbaccess.py" line="105" name="test_mongoDBAccess_update_oneErrorDB" time="1.52195978165"><system-err>mongodbaccess.py            42 ERROR    Authentication failure
mongodbaccess.py            75 ERROR    Database Not INIT Update_one
</system-err></testcase><testcase classname="testmongodbaccess" file="testmongodbaccess.py" line="111" name="test_mongoDBAccess_update_oneErrorCollection" time="2.53850412369"></testcase><testcase classname="testmongodbaccess" file="testmongodbaccess.py" line="119" name="test_mongoDBAccess_update_oneErrorFind" time="2.49531412125"></testcase><testcase classname="testmongodbaccess" file="testmongodbaccess.py" line="127" name="test_mongoDBAccess_update_manyOK" time="3.0865240097"></testcase><testcase classname="testmongodbaccess" file="testmongodbaccess.py" line="147" name="test_mongoDBAccess_update_manyErrorDB" time="1.53764224052"><system-err>mongodbaccess.py            42 ERROR    Authentication failure
mongodbaccess.py            86 ERROR    Database Not INIT Update_one
</system-err></testcase><testcase classname="testmongodbaccess" file="testmongodbaccess.py" line="153" name="test_mongoDBAccess_update_manyErrorCollection" time="2.85567808151"></testcase><testcase classname="testmongodbaccess" file="testmongodbaccess.py" line="162" name="test_mongoDBAccess_update_manyErrorFind" time="2.55550312996"></testcase><testcase classname="testmongodbaccess" file="testmongodbaccess.py" line="172" name="test_mongoDBAccess_insertOK" time="3.09690499306"></testcase><testcase classname="testmongodbaccess" file="testmongodbaccess.py" line="187" name="test_mongoDBAccess_insertErrorDB" time="2.11197113991"><system-err>mongodbaccess.py            42 ERROR    Authentication failure
mongodbaccess.py            95 ERROR    Database Not INIT Find
</system-err></testcase><testcase classname="testreadandanalyse" file="testreadandanalyse.py" line="13" name="test_init_correct" time="1.85027909279"></testcase><testcase classname="testreadandanalyse" file="testreadandanalyse.py" line="18" name="test_init_ErrorMongo" time="1.58664703369"><system-err>mongodbaccess.py            42 ERROR    Authentication failure
</system-err></testcase><testcase classname="testreadandanalyse" file="testreadandanalyse.py" line="23" name="test_init_ErrorMail" time="3.68858790398"><system-err>mailaccess.py               36 ERROR    error loggin eMail
</system-err></testcase><testcase classname="testreadandanalyse" file="testreadandanalyse.py" line="28" name="test_findingMails" time="11.9304671288"></testcase><testcase classname="testreadandanalyse" file="testreadandanalyse.py" line="36" name="test_findingUrls" time="109.821638107"></testcase><testcase classname="testreadandanalyse" file="testreadandanalyse.py" line="60" name="test_scrapUrls" time="132.095063925"></testcase><testcase classname="testtextanalyzer" file="testtextanalyzer.py" line="18" name="test_real_url_transform_void" time="0.00774002075195"></testcase><testcase classname="testtextanalyzer" file="testtextanalyzer.py" line="24" name="test_real_url_transform_error_type" time="0.00640296936035"><system-err>textanalyzer.py             24 ERROR    Rules not List
</system-err></testcase><testcase classname="testtextanalyzer" file="testtextanalyzer.py" line="30" name="test_real_url_transform_one_rule" time="0.00549411773682"></testcase><testcase classname="testtextanalyzer" file="testtextanalyzer.py" line="36" name="test_real_url_transform_one_rule_error_to" time="0.00393509864807"></testcase><testcase classname="testtextanalyzer" file="testtextanalyzer.py" line="42" name="test_real_url_transform_one_rule_error_from" time="0.00293517112732"></testcase><testcase classname="testtextanalyzer" file="testtextanalyzer.py" line="48" name="test_real_url_transform_two_rules" time="0.00332903862"></testcase><testcase classname="testtextanalyzer" file="testtextanalyzer.py" line="54" name="test_real_url_transform_two_rules_cross" time="0.0021116733551"></testcase><testcase classname="testtextanalyzer" file="testtextanalyzer.py" line="60" name="test_transform_url_role_vacia" time="0.00233793258667"></testcase><testcase classname="testtextanalyzer" file="testtextanalyzer.py" line="66" name="test_transform_url_role_error_type" time="0.0018937587738"><system-err>textanalyzer.py             36 ERROR    Rule not Dictionary
</system-err></testcase><testcase classname="testtextanalyzer" file="testtextanalyzer.py" line="72" name="test_transform_url_role" time="0.00116991996765"></testcase><testcase classname="testtextanalyzer" file="testtextanalyzer.py" line="78" name="test_transform_url_role_error_to" time="0.00116610527039"></testcase><testcase classname="testtextanalyzer" file="testtextanalyzer.py" line="84" name="test_transform_url_role_error_from" time="0.00115609169006"></testcase><testcase classname="testtextanalyzer" file="testtextanalyzer.py" line="91" name="test_apply_rule_after_sel_void" time="0.00101613998413"></testcase><testcase classname="testtextanalyzer" file="testtextanalyzer.py" line="97" name="test_apply_rule_after_sel_error_type" time="0.00123429298401"><system-err>textanalyzer.py             57 ERROR    Rule not Dict
</system-err></testcase><testcase classname="testtextanalyzer" file="testtextanalyzer.py" line="103" name="test_apply_rule_after_sel_Error_action" time="0.0010097026825"></testcase><testcase classname="testtextanalyzer" file="testtextanalyzer.py" line="109" name="test_apply_rule_after_sel_Error_in" time="0.000684261322021"></testcase><testcase classname="testtextanalyzer" file="testtextanalyzer.py" line="115" name="test_apply_rule_after_sel_Error_out" time="0.000683069229126"></testcase><testcase classname="testtextanalyzer" file="testtextanalyzer.py" line="121" name="test_apply_rule_after_sel_Error_value_in" time="0.000703096389771"></testcase><testcase classname="testtextanalyzer" file="testtextanalyzer.py" line="127" name="test_apply_rule_after_sel_Error_value_out" time="0.00073766708374"></testcase><testcase classname="testtextanalyzer" file="testtextanalyzer.py" line="133" name="test_apply_rule_after_sel_Error_value_another" time="0.00101590156555"></testcase><testcase classname="testtextanalyzer" file="testtextanalyzer.py" line="139" name="test_apply_rule_after_sel_ok_spaces_same_variable" time="0.00141191482544"></testcase><testcase classname="testtextanalyzer" file="testtextanalyzer.py" line="145" name="test_apply_rule_after_sel_ok_spaces_other_variable" time="0.000830173492432"></testcase><testcase classname="testtextanalyzer" file="testtextanalyzer.py" line="151" name="test_apply_rule_after_sel_ok_copy_same_variable" time="0.000696182250977"></testcase><testcase classname="testtextanalyzer" file="testtextanalyzer.py" line="157" name="test_apply_rule_after_sel_ok_copy_other_variable" time="0.000692844390869"></testcase><testcase classname="testtextanalyzer" file="testtextanalyzer.py" line="163" name="test_apply_rule_after_sel_ok_copy_another_same_variable" time="0.000698089599609"></testcase><testcase classname="testtextanalyzer" file="testtextanalyzer.py" line="170" name="test_apply_rule_after_sel_ok_copy_another_other_variable" time="0.00068998336792"></testcase><testcase classname="testtextanalyzer" file="testtextanalyzer.py" line="177" name="test_data_after_selenium_void_rule" time="0.000694036483765"></testcase><testcase classname="testtextanalyzer" file="testtextanalyzer.py" line="183" name="test_data_after_selenium_error_type_rule" time="0.00088906288147"><system-err>textanalyzer.py             46 ERROR    Rules not List
</system-err></testcase><testcase classname="testtextanalyzer" file="testtextanalyzer.py" line="190" name="test_data_after_selenium_one_rule" time="0.000716686248779"></testcase><testcase classname="testtextanalyzer" file="testtextanalyzer.py" line="197" name="test_data_after_selenium_two_rules" time="0.000724077224731"></testcase><testcase classname="testtextanalyzer" file="testtextanalyzer.py" line="205" name="test_review_data_ok_void" time="0.000681161880493"></testcase><testcase classname="testtextanalyzer" file="testtextanalyzer.py" line="210" name="test_review_data_ok_error_type" time="0.00101613998413"><system-err>textanalyzer.py             89 ERROR    Rules not List
</system-err></testcase><testcase classname="testtextanalyzer" file="testtextanalyzer.py" line="215" name="test_review_data_ok_ok_full" time="0.000795841217041"></testcase><testcase classname="testtextanalyzer" file="testtextanalyzer.py" line="220" name="test_review_data_ok_ok_partial" time="0.000684261322021"></testcase><testcase classname="testtextanalyzer" file="testtextanalyzer.py" line="225" name="test_review_data_ok_error_partial" time="0.000658988952637"></testcase><testcase classname="testtextanalyzer" file="testtextanalyzer.py" line="230" name="test_review_data_ok_error_full" time="0.000653982162476"></testcase><testcase classname="testtextanalyzer" file="testtextanalyzer.py" line="235" name="test_split_text_void" time="0.000710010528564"></testcase><testcase classname="testtextanalyzer" file="testtextanalyzer.py" line="241" name="test_split_text_error_type" time="0.00101590156555"><system-err>textanalyzer.py            102 ERROR    Rule not Dict
</system-err></testcase><testcase classname="testtextanalyzer" file="testtextanalyzer.py" line="247" name="test_split_text_ok_without_n" time="0.000978946685791"></testcase><testcase classname="testtextanalyzer" file="testtextanalyzer.py" line="253" name="test_split_text_ok_without_init_text" time="0.001629114151"></testcase><testcase classname="testtextanalyzer" file="testtextanalyzer.py" line="259" name="test_split_text_ok_full_first" time="0.000699758529663"></testcase><testcase classname="testtextanalyzer" file="testtextanalyzer.py" line="265" name="test_split_text_ok_full_midle" time="0.00101208686829"></testcase><testcase classname="testtextanalyzer" file="testtextanalyzer.py" line="271" name="test_split_text_ok_full_last" time="0.000995874404907"></testcase><testcase classname="testtextanalyzer" file="testtextanalyzer.py" line="277" name="test_split_text_out_range" time="0.000705003738403"></testcase><testcase classname="testtextanalyzer" file="testtextanalyzer.py" line="283" name="test_split_text_ok_full_berkley_recruiteland" time="0.000706911087036"></testcase><testcase classname="testtextanalyzer" file="testtextanalyzer.py" line="290" name="test_decrease_date_no_text" time="0.000688314437866"></testcase><testcase classname="testtextanalyzer" file="testtextanalyzer.py" line="295" name="test_decrease_date_no_text_error" time="0.000728130340576"></testcase><testcase classname="testtextanalyzer" file="testtextanalyzer.py" line="301" name="test_decrease_date_day_null" time="0.000731945037842"></testcase><testcase classname="testtextanalyzer" file="testtextanalyzer.py" line="307" name="test_decrease_date_month_null" time="0.000705718994141"></testcase><testcase classname="testtextanalyzer" file="testtextanalyzer.py" line="312" name="test_decrease_date_day_cero" time="0.000729322433472"></testcase><testcase classname="testtextanalyzer" file="testtextanalyzer.py" line="317" name="test_decrease_date_day_1" time="0.000711679458618"></testcase><testcase classname="testtextanalyzer" file="testtextanalyzer.py" line="322" name="test_decrease_date_day_10" time="0.000718355178833"></testcase><testcase classname="testtextanalyzer" file="testtextanalyzer.py" line="327" name="test_decrease_date_month_1" time="0.000946998596191"></testcase><testcase classname="testtextanalyzer" file="testtextanalyzer.py" line="332" name="test_decrease_date_month_6" time="0.000705003738403"></testcase><testcase classname="testtextanalyzer" file="testtextanalyzer.py" line="337" name="test_format_text_out_void" time="0.000723123550415"></testcase><testcase classname="testtextanalyzer" file="testtextanalyzer.py" line="343" name="test_format_text_out_ok_text" time="0.000688076019287"></testcase><testcase classname="testtextanalyzer" file="testtextanalyzer.py" line="349" name="test_format_text_out_ok_text_void" time="0.000854015350342"></testcase><testcase classname="testtextanalyzer" file="testtextanalyzer.py" line="355" name="test_format_text_out_ok_dateDecreasing" time="0.00152087211609"></testcase><testcase classname="testtextanalyzer" file="testtextanalyzer.py" line="362" name="test_format_text_out_ok_dateDecreasing_void" time="0.000856399536133"></testcase><testcase classname="testtextanalyzer" file="testtextanalyzer.py" line="369" name="test_format_text_out_ok_date_without_format" time="0.000882863998413"></testcase><testcase classname="testtextanalyzer" file="testtextanalyzer.py" line="381" name="test_format_text_out_ok_date_guiones" time="0.00150513648987"></testcase><testcase classname="testtextanalyzer" file="testtextanalyzer.py" line="387" name="test_format_text_out_ok_date_format" time="0.000944852828979"><system-err>textanalyzer.py            145 ERROR    Error Find Date information: (&quot;time data &apos;12/02/2017&apos; does not match format &apos;%d-%m-%Y&apos;&quot;,)
</system-err></testcase></testsuite>